<?xml version="1.0" encoding="UTF-8"?>
<!-- Generated by org.testng.reporters.JUnitXMLReporter -->
<testsuite ignored="20" hostname="IN-BLBN0F3" failures="0" tests="1" name="Default test" time="7.508" errors="0" timestamp="16 May 2024 06:04:10 GMT">
  <testcase classname="Test.TestNG" name="testPincode" time="4.806"/>
  <testcase classname="Test.TestNG" name="testSearchWithSpecialCharacters" time="0.0">
    <ignored/>
  </testcase> <!-- testSearchWithSpecialCharacters -->
  <testcase classname="Test.TestNG" name="testHomepageLoad" time="0.0">
    <ignored/>
  </testcase> <!-- testHomepageLoad -->
  <testcase classname="Test.TestNG" name="SortingCheck" time="0.0">
    <ignored/>
  </testcase> <!-- SortingCheck -->
  <testcase classname="Test.TestNG" name="ProductFilter" time="0.0">
    <ignored/>
  </testcase> <!-- ProductFilter -->
  <testcase classname="Test.TestNG" name="compareItems" time="0.0">
    <ignored/>
  </testcase> <!-- compareItems -->
  <testcase classname="Test.TestNG" name="testLogoVisibilityAndClickability" time="0.0">
    <ignored/>
  </testcase> <!-- testLogoVisibilityAndClickability -->
  <testcase classname="Test.TestNG" name="testProductPagination" time="0.0">
    <ignored/>
  </testcase> <!-- testProductPagination -->
  <testcase classname="Test.TestNG" name="addTocart" time="0.0">
    <ignored/>
  </testcase> <!-- addTocart -->
  <testcase classname="Test.TestNG" name="LoginTest" time="0.0">
    <ignored/>
  </testcase> <!-- LoginTest -->
  <testcase classname="Test.TestNG" name="testContactPageAccessibility" time="0.0">
    <ignored/>
  </testcase> <!-- testContactPageAccessibility -->
  <testcase classname="Test.TestNG" name="testFooterLinks" time="0.0">
    <ignored/>
  </testcase> <!-- testFooterLinks -->
  <testcase classname="Test.TestNG" name="RemovecartItem" time="0.0">
    <ignored/>
  </testcase> <!-- RemovecartItem -->
  <testcase classname="Test.TestNG" name="flipkartSearchTest" time="0.0">
    <ignored/>
  </testcase> <!-- flipkartSearchTest -->
  <testcase classname="Test.TestNG" name="ProductColorTest" time="0.0">
    <ignored/>
  </testcase> <!-- ProductColorTest -->
  <testcase classname="Test.TestNG" name="testEmptyCartMessage" time="0.0">
    <ignored/>
  </testcase> <!-- testEmptyCartMessage -->
  <testcase classname="Test.TestNG" name="signUpTest" time="0.0">
    <ignored/>
  </testcase> <!-- signUpTest -->
  <testcase classname="Test.TestNG" name="cartItemCount" time="0.0">
    <ignored/>
  </testcase> <!-- cartItemCount -->
  <testcase classname="Test.TestNG" name="flipkartProductTest" time="0.0">
    <ignored/>
  </testcase> <!-- flipkartProductTest -->
  <testcase classname="Test.TestNG" name="brandFilterCheck" time="0.0">
    <ignored/>
  </testcase> <!-- brandFilterCheck -->
  <testcase classname="Test.TestNG" name="testTermsAndConditions" time="0.0">
    <ignored/>
  </testcase> <!-- testTermsAndConditions -->
</testsuite> <!-- Default test -->
