<?xml version="1.0" encoding="UTF-8"?>
<testng-results ignored="0" total="1" passed="1" failed="0" skipped="0">
  <reporter-output>
  </reporter-output>
  <suite started-at="2024-05-10T14:54:43 IST" name="Suite" finished-at="2024-05-10T14:54:53 IST" duration-ms="10046">
    <groups>
    </groups>
    <test started-at="2024-05-10T14:54:43 IST" name="Test" finished-at="2024-05-10T14:54:53 IST" duration-ms="10046">
      <class name="Test.TestNG">
        <test-method is-config="true" signature="BeforeTest()[pri:0, instance:Test.TestNG@8692d67]" started-at="2024-05-10T14:54:43 IST" name="BeforeTest" finished-at="2024-05-10T14:54:46 IST" duration-ms="3362" status="PASS">
          <reporter-output>
          </reporter-output>
        </test-method> <!-- BeforeTest -->
        <test-method signature="amazonSearchTest()[pri:1, instance:Test.TestNG@8692d67]" started-at="2024-05-10T14:54:46 IST" name="amazonSearchTest" finished-at="2024-05-10T14:54:51 IST" duration-ms="4878" status="PASS">
          <reporter-output>
          </reporter-output>
        </test-method> <!-- amazonSearchTest -->
        <test-method is-config="true" signature="tearDown()[pri:0, instance:Test.TestNG@8692d67]" started-at="2024-05-10T14:54:51 IST" name="tearDown" finished-at="2024-05-10T14:54:53 IST" duration-ms="1771" status="PASS">
          <reporter-output>
          </reporter-output>
        </test-method> <!-- tearDown -->
      </class> <!-- Test.TestNG -->
    </test> <!-- Test -->
  </suite> <!-- Suite -->
</testng-results>
